[0527/160550.031:ERROR:os_crypt_win.cc(93)] Failed to decrypt: 该项不适于在指定状态下使用。 (0x8009000B)
[0527/160551.352:ERROR:backend_impl.cc(1041)] Critical error found -8
[0527/160551.352:WARNING:storage_block-inl.h(146)] Failed data load.
[0527/160551.353:ERROR:entry_impl.cc(1075)] No file for c1030364
[0527/160551.353:WARNING:storage_block-inl.h(146)] Failed data load.
[0527/160551.353:WARNING:storage_block-inl.h(146)] Failed data load.
[0527/160551.353:WARNING:storage_block-inl.h(146)] Failed data load.
[0527/160551.353:WARNING:storage_block-inl.h(146)] Failed data load.
[0527/160551.353:ERROR:entry_impl.cc(1075)] No file for c1030358
[0527/160551.353:WARNING:storage_block-inl.h(146)] Failed data load.
[0527/160551.353:WARNING:storage_block-inl.h(146)] Failed data load.
[0527/160551.354:WARNING:storage_block-inl.h(146)] Failed data load.
[0527/160551.354:WARNING:storage_block-inl.h(146)] Failed data load.
[0527/160551.354:ERROR:entry_impl.cc(1075)] No file for c1030352
[0527/160551.354:WARNING:storage_block-inl.h(146)] Failed data load.
[0527/160551.354:WARNING:storage_block-inl.h(146)] Failed data load.
[0527/160551.354:WARNING:storage_block-inl.h(146)] Failed data load.
[0527/160551.354:WARNING:storage_block-inl.h(146)] Failed data load.
[0527/160551.354:ERROR:entry_impl.cc(1075)] No file for c1030350
[0527/160551.354:WARNING:storage_block-inl.h(146)] Failed data load.
[0527/160551.354:WARNING:storage_block-inl.h(146)] Failed data load.
[0527/160551.354:WARNING:storage_block-inl.h(146)] Failed data load.
[0527/160551.354:WARNING:storage_block-inl.h(146)] Failed data load.
[0527/160551.354:ERROR:entry_impl.cc(1075)] No file for c103035a
[0527/160551.359:WARNING:storage_block-inl.h(146)] Failed data load.
[0527/160551.360:WARNING:storage_block-inl.h(146)] Failed data load.
[0527/160551.360:WARNING:storage_block-inl.h(146)] Failed data load.
[0527/160551.360:WARNING:storage_block-inl.h(146)] Failed data load.
[0527/160750.919:ERROR:gpu_init.cc(426)] Passthrough is not supported, GL is disabled
